<?xml version="1.0" encoding="UTF-8"?>
<testsuite xmlns:xsi="http://www.w3.org/2001/XMLSchema-instance" xsi:noNamespaceSchemaLocation="https://maven.apache.org/surefire/maven-surefire-plugin/xsd/surefire-test-report-3.0.xsd" version="3.0" name="org.example.ApplicationTests" time="4.867" tests="1" errors="0" skipped="0" failures="0">
  <properties>
[...]
</properties>
  <testcase name="contextLoads" classname="org.example.ApplicationTests" time="0.461">
    <system-out><![CDATA[03:41:27.021 [main] INFO org.springframework.test.context.support.AnnotationConfigContextLoaderUtils -- Could not detect default configuration classes for test class [org.example.ApplicationTests]: ApplicationTests does not declare any static, non-private, non-final, nested classes annotated with @Configuration.
03:41:27.127 [main] INFO org.springframework.boot.test.context.SpringBootTestContextBootstrapper -- Found @SpringBootConfiguration org.example.Application for test class org.example.ApplicationTests
03:41:27.260 [main] INFO org.springframework.boot.devtools.restart.RestartApplicationListener -- Restart disabled due to context in which it is running

  .   ____          _            __ _ _
 /\\ / ___'_ __ _ _(_)_ __  __ _ \ \ \ \
( ( )\___ | '_ | '_| | '_ \/ _` | \ \ \ \
 \\/  ___)| |_)| | | | | || (_| |  ) ) ) )
  '  |____| .__|_| |_|_| |_\__, | / / / /
 =========|_|==============|___/=/_/_/_/
 :: Spring Boot ::                (v3.2.1)

2026-01-28T03:41:27.460+02:00  INFO 57884 --- [           main] org.example.ApplicationTests             : Starting ApplicationTests using Java 17.0.12 with PID 57884 (started by Acer in C:\Users\Acer\IdeaProjects\ZLAGODA\java-server)
2026-01-28T03:41:27.462+02:00  INFO 57884 --- [           main] org.example.ApplicationTests             : The following 1 profile is active: "test"
2026-01-28T03:41:28.499+02:00  INFO 57884 --- [           main] .s.d.r.c.RepositoryConfigurationDelegate : Bootstrapping Spring Data JDBC repositories in DEFAULT mode.
2026-01-28T03:41:28.523+02:00  INFO 57884 --- [           main] .s.d.r.c.RepositoryConfigurationDelegate : Finished Spring Data repository scanning in 18 ms. Found 0 JDBC repository interfaces.
2026-01-28T03:41:30.002+02:00  INFO 57884 --- [           main] o.s.b.a.e.web.EndpointLinksResolver      : Exposing 1 endpoint(s) beneath base path '/actuator'
2026-01-28T03:41:30.090+02:00  INFO 57884 --- [           main] o.s.s.web.DefaultSecurityFilterChain     : Will secure any request with [org.springframework.security.web.session.DisableEncodeUrlFilter@1d622556, org.springframework.security.web.context.request.async.WebAsyncManagerIntegrationFilter@4b9f7edc, org.springframework.security.web.context.SecurityContextHolderFilter@6906be0f, org.springframework.security.web.header.HeaderWriterFilter@4345fd45, org.springframework.security.web.authentication.logout.LogoutFilter@192f5f39, org.example.security.JwtAuthenticationFilter@70ee1963, org.springframework.security.web.savedrequest.RequestCacheAwareFilter@edbc2bf, org.springframework.security.web.servletapi.SecurityContextHolderAwareRequestFilter@3e01796a, org.springframework.security.web.authentication.AnonymousAuthenticationFilter@2e0652ab, org.springframework.security.web.session.SessionManagementFilter@25e6c22a, org.springframework.security.web.access.ExceptionTranslationFilter@10a0a1e, org.springframework.security.web.access.intercept.AuthorizationFilter@78f5cbc5]
2026-01-28T03:41:30.607+02:00  INFO 57884 --- [           main] com.zaxxer.hikari.HikariDataSource       : HikariPool-1 - Starting...
2026-01-28T03:41:30.758+02:00  INFO 57884 --- [           main] com.zaxxer.hikari.pool.HikariPool        : HikariPool-1 - Added connection conn0: url=jdbc:h2:mem:testdb user=SA
2026-01-28T03:41:30.759+02:00  INFO 57884 --- [           main] com.zaxxer.hikari.HikariDataSource       : HikariPool-1 - Start completed.
2026-01-28T03:41:31.105+02:00  INFO 57884 --- [           main] org.example.ApplicationTests             : Started ApplicationTests in 3.854 seconds (process running for 5.031)
]]></system-out>
  </testcase>
</testsuite>