<?xml version="1.0" encoding="UTF-8"?>
<testsuite xmlns:xsi="http://www.w3.org/2001/XMLSchema-instance" xsi:noNamespaceSchemaLocation="https://maven.apache.org/surefire/maven-surefire-plugin/xsd/surefire-test-report-3.0.xsd" version="3.0" name="org.example.service.product.ProductServiceTest" time="0.04" tests="6" errors="0" skipped="0" failures="0">
  <properties>
[...]
</properties>
  <testcase name="save_shouldReturnDto" classname="org.example.service.product.ProductServiceTest" time="0.034"/>
  <testcase name="getAll_shouldReturnList" classname="org.example.service.product.ProductServiceTest" time="0.001"/>
  <testcase name="deleteProductById_shouldCallRepository" classname="org.example.service.product.ProductServiceTest" time="0.001"/>
  <testcase name="updateProductById_shouldReturnDto" classname="org.example.service.product.ProductServiceTest" time="0.0"/>
  <testcase name="findByName_shouldReturnList" classname="org.example.service.product.ProductServiceTest" time="0.0"/>
  <testcase name="findByCategoryId_shouldReturnList" classname="org.example.service.product.ProductServiceTest" time="0.002"/>
</testsuite>