<?xml version="1.0" encoding="UTF-8"?>
<testsuite xmlns:xsi="http://www.w3.org/2001/XMLSchema-instance" xsi:noNamespaceSchemaLocation="https://maven.apache.org/surefire/maven-surefire-plugin/xsd/surefire-test-report-3.0.xsd" version="3.0" name="org.example.controller.product.ProductControllerTest" time="0.781" tests="16" errors="0" skipped="0" failures="0">
  <properties>
[...]
</properties>
  <testcase name="search_byName_asNonCashier_Forbidden" classname="org.example.controller.product.ProductControllerTest" time="0.011">
    <system-out><![CDATA[2026-01-28T17:15:08.152+02:00  INFO 49472 --- [           main] t.c.s.AnnotationConfigContextLoaderUtils : Could not detect default configuration classes for test class [org.example.controller.product.ProductControllerTest]: ProductControllerTest does not declare any static, non-private, non-final, nested classes annotated with @Configuration.
2026-01-28T17:15:08.165+02:00  INFO 49472 --- [           main] .b.t.c.SpringBootTestContextBootstrapper : Found @SpringBootConfiguration org.example.Application for test class org.example.controller.product.ProductControllerTest
2026-01-28T17:15:08.169+02:00  INFO 49472 --- [           main] o.s.b.d.r.RestartApplicationListener     : Restart disabled due to context in which it is running

  .   ____          _            __ _ _
 /\\ / ___'_ __ _ _(_)_ __  __ _ \ \ \ \
( ( )\___ | '_ | '_| | '_ \/ _` | \ \ \ \
 \\/  ___)| |_)| | | | | || (_| |  ) ) ) )
  '  |____| .__|_| |_|_| |_\__, | / / / /
 =========|_|==============|___/=/_/_/_/
 :: Spring Boot ::                (v3.2.1)

2026-01-28T17:15:08.190+02:00  INFO 49472 --- [           main] o.e.c.product.ProductControllerTest      : Starting ProductControllerTest using Java 17.0.12 with PID 49472 (started by Acer in C:\Users\Acer\IdeaProjects\ZLAGODA\java-server)
2026-01-28T17:15:08.191+02:00  INFO 49472 --- [           main] o.e.c.product.ProductControllerTest      : The following 1 profile is active: "test"
2026-01-28T17:15:08.409+02:00  INFO 49472 --- [           main] .s.d.r.c.RepositoryConfigurationDelegate : Bootstrapping Spring Data JDBC repositories in DEFAULT mode.
2026-01-28T17:15:08.421+02:00  INFO 49472 --- [           main] .s.d.r.c.RepositoryConfigurationDelegate : Finished Spring Data repository scanning in 10 ms. Found 0 JDBC repository interfaces.
2026-01-28T17:15:08.501+02:00  INFO 49472 --- [           main] o.s.b.w.embedded.tomcat.TomcatWebServer  : Tomcat initialized with port 0 (http)
2026-01-28T17:15:08.502+02:00  INFO 49472 --- [           main] o.apache.catalina.core.StandardService   : Starting service [Tomcat]
2026-01-28T17:15:08.503+02:00  INFO 49472 --- [           main] o.apache.catalina.core.StandardEngine    : Starting Servlet engine: [Apache Tomcat/10.1.17]
2026-01-28T17:15:08.519+02:00  INFO 49472 --- [           main] o.a.c.c.C.[.[localhost].[/api/v1]        : Initializing Spring embedded WebApplicationContext
2026-01-28T17:15:08.519+02:00  INFO 49472 --- [           main] w.s.c.ServletWebServerApplicationContext : Root WebApplicationContext: initialization completed in 327 ms
2026-01-28T17:15:08.546+02:00  INFO 49472 --- [           main] com.zaxxer.hikari.HikariDataSource       : HikariPool-3 - Starting...
2026-01-28T17:15:08.547+02:00  INFO 49472 --- [           main] com.zaxxer.hikari.pool.HikariPool        : HikariPool-3 - Added connection conn20: url=jdbc:h2:mem:testdb user=SA
2026-01-28T17:15:08.547+02:00  INFO 49472 --- [           main] com.zaxxer.hikari.HikariDataSource       : HikariPool-3 - Start completed.
2026-01-28T17:15:08.721+02:00  INFO 49472 --- [           main] o.s.b.a.e.web.EndpointLinksResolver      : Exposing 1 endpoint(s) beneath base path '/actuator'
2026-01-28T17:15:08.730+02:00  INFO 49472 --- [           main] o.s.s.web.DefaultSecurityFilterChain     : Will secure any request with [org.springframework.security.web.session.DisableEncodeUrlFilter@79a8b897, org.springframework.security.web.context.request.async.WebAsyncManagerIntegrationFilter@2532e07e, org.springframework.security.web.context.SecurityContextHolderFilter@18365e98, org.springframework.security.web.header.HeaderWriterFilter@30760c5, org.springframework.security.web.authentication.logout.LogoutFilter@3f8c695d, org.example.security.JwtAuthenticationFilter@7790a6fb, org.springframework.security.web.savedrequest.RequestCacheAwareFilter@4c8c3285, org.springframework.security.web.servletapi.SecurityContextHolderAwareRequestFilter@74b57299, org.springframework.security.web.authentication.AnonymousAuthenticationFilter@7c33d81f, org.springframework.security.web.session.SessionManagementFilter@26a8e303, org.springframework.security.web.access.ExceptionTranslationFilter@6666410a, org.springframework.security.web.access.intercept.AuthorizationFilter@4d47f547]
2026-01-28T17:15:08.794+02:00  INFO 49472 --- [           main] o.a.c.c.C.[.[localhost].[/api/v1]        : Initializing Spring TestDispatcherServlet ''
2026-01-28T17:15:08.795+02:00  INFO 49472 --- [           main] o.s.t.web.servlet.TestDispatcherServlet  : Initializing Servlet ''
2026-01-28T17:15:08.795+02:00  INFO 49472 --- [           main] o.s.t.web.servlet.TestDispatcherServlet  : Completed initialization in 0 ms
2026-01-28T17:15:08.810+02:00  INFO 49472 --- [           main] o.s.b.w.embedded.tomcat.TomcatWebServer  : Tomcat started on port 49405 (http) with context path '/api/v1'
2026-01-28T17:15:08.818+02:00  INFO 49472 --- [           main] o.e.c.product.ProductControllerTest      : Started ProductControllerTest in 0.65 seconds (process running for 10.048)
]]></system-out>
  </testcase>
  <testcase name="getAll_noProducts_Ok" classname="org.example.controller.product.ProductControllerTest" time="0.005"/>
  <testcase name="search_byCategoryId_Ok" classname="org.example.controller.product.ProductControllerTest" time="0.01"/>
  <testcase name="productPdf_asNonManager_Forbidden" classname="org.example.controller.product.ProductControllerTest" time="0.005"/>
  <testcase name="deleteProduct_asManager_NoContent" classname="org.example.controller.product.ProductControllerTest" time="0.006"/>
  <testcase name="createProduct_asManager_Created" classname="org.example.controller.product.ProductControllerTest" time="0.01"/>
  <testcase name="search_noParameters_BadRequest" classname="org.example.controller.product.ProductControllerTest" time="0.008"/>
  <testcase name="productPdf_asManager_Ok" classname="org.example.controller.product.ProductControllerTest" time="0.004"/>
  <testcase name="search_byName_noMatches_Ok" classname="org.example.controller.product.ProductControllerTest" time="0.006"/>
  <testcase name="search_byName_asCashier_Ok" classname="org.example.controller.product.ProductControllerTest" time="0.005"/>
  <testcase name="deleteProduct_asNonManager_Forbidden" classname="org.example.controller.product.ProductControllerTest" time="0.009"/>
  <testcase name="getAll_allAvailableProducts_Ok" classname="org.example.controller.product.ProductControllerTest" time="0.005"/>
  <testcase name="createProduct_asNonManager_Forbidden" classname="org.example.controller.product.ProductControllerTest" time="0.004"/>
  <testcase name="updateProduct_asNonManager_Forbidden" classname="org.example.controller.product.ProductControllerTest" time="0.006"/>
  <testcase name="updateProduct_asManager_Ok" classname="org.example.controller.product.ProductControllerTest" time="0.005"/>
  <testcase name="createProduct_invalidData_UnprocessableEntity" classname="org.example.controller.product.ProductControllerTest" time="0.007"/>
</testsuite>