GROUP,PACKAGE,CLASS,INSTRUCTION_MISSED,INSTRUCTION_COVERED,BRANCH_MISSED,BRANCH_COVERED,LINE_MISSED,LINE_COVERED,COMPLEXITY_MISSED,COMPLEXITY_COVERED,METHOD_MISSED,METHOD_COVERED
spring-boot-first-project,org.example.dto.product,ProductDto,0,31,0,0,0,6,0,9,0,9
spring-boot-first-project,org.example.dto.product,ProductRequestDto,0,24,0,0,0,5,0,7,0,7
spring-boot-first-project,org.example.service.employee,EmployeeServiceImpl,4,208,0,12,1,38,1,18,1,12
spring-boot-first-project,org.example.exception.custom_exception,RegistrationException,0,5,0,0,0,2,0,1,0,1
spring-boot-first-project,org.example.exception.custom_exception,DeletionException,0,5,0,0,0,2,0,1,0,1
spring-boot-first-project,org.example.exception.custom_exception,AuthenticationException,0,5,0,0,0,2,0,1,0,1
spring-boot-first-project,org.example.exception.custom_exception,InvalidCategoryException,0,5,0,0,0,2,0,1,0,1
spring-boot-first-project,org.example.exception.custom_exception,InvalidParameterException,0,5,0,0,0,2,0,1,0,1
spring-boot-first-project,org.example.exception.custom_exception,EntityNotFoundException,0,5,0,0,0,2,0,1,0,1
spring-boot-first-project,org.example.exception.custom_exception,DateFormatException,0,5,0,0,0,2,0,1,0,1
spring-boot-first-project,org.example.exception.custom_exception,AuthorizationException,0,5,0,0,0,2,0,1,0,1
spring-boot-first-project,org.example.exception.custom_exception,InvalidProductException,0,5,0,0,0,2,0,1,0,1
spring-boot-first-project,org.example.exception.custom_exception,InvalidRoleException,0,5,0,0,0,2,0,1,0,1
spring-boot-first-project,org.example.repository.employee,EmployeeRepository,235,426,14,16,43,87,14,16,4,11
spring-boot-first-project,org.example.repository.employee,RoleRepository,0,44,0,0,0,9,0,3,0,3
spring-boot-first-project,org.example.config,SecurityConfig,6,67,0,0,2,16,1,6,1,6
spring-boot-first-project,org.example.config,DatabaseConfig,0,8,0,0,0,2,0,2,0,2
spring-boot-first-project,org.example.config,JacksonConfig,0,18,0,0,0,4,0,2,0,2
spring-boot-first-project,org.example.config,MapperConfig,3,0,0,0,1,0,1,0,1,0
spring-boot-first-project,org.example.config,OpenApiConfig,0,28,0,0,0,8,0,2,0,2
spring-boot-first-project,org.example.dto.employee.registration.annotation.field_match,FieldMatchValidator,0,43,0,6,0,12,0,6,0,3
spring-boot-first-project,org.example.service.store_product,StoreProductServiceImpl,0,157,0,12,0,30,0,23,0,17
spring-boot-first-project,org.example.service.store_product,BatchServiceImpl,0,21,0,0,0,4,0,3,0,3
spring-boot-first-project,org.example.dto.store_product.batch,BatchRequestDto,0,38,0,0,0,7,0,11,0,11
spring-boot-first-project,org.example.dto.store_product.batch,BatchDto,45,0,0,0,8,0,13,0,13,0
spring-boot-first-project,org.example.model.employee,Role,0,14,0,0,0,4,0,4,0,4
spring-boot-first-project,org.example.model.employee,Employee,0,109,0,0,0,21,0,33,0,33
spring-boot-first-project,org.example.model.employee,Role.RoleName,0,15,0,0,0,3,0,1,0,1
spring-boot-first-project,org.example.service.product,ProductServiceImpl,0,60,0,0,0,10,0,8,0,8
spring-boot-first-project,org.example.repository.store_product,BatchRepository,16,232,0,8,3,43,1,10,1,6
spring-boot-first-project,org.example.repository.store_product,StoreProductRepository,394,833,25,35,83,171,21,34,3,22
spring-boot-first-project,org.example.exception.handler,BaseServiceException,0,10,0,0,0,4,0,2,0,2
spring-boot-first-project,org.example.exception.handler,CustomGlobalExceptionHandler,4,70,1,3,1,17,1,10,0,9
spring-boot-first-project,org.example.dto.store_product.product,StoreProductPriceAndQuantityDto,0,17,0,0,0,4,0,5,0,5
spring-boot-first-project,org.example.dto.store_product.product,StoreProductWithNameDto,0,52,0,0,0,9,0,15,0,15
spring-boot-first-project,org.example.dto.store_product.product,StoreProductRequestDto,0,45,0,0,0,8,0,13,0,13
spring-boot-first-project,org.example.dto.store_product.product,StoreProductCharacteristicsDto,0,31,0,0,0,6,0,9,0,9
spring-boot-first-project,org.example.dto.store_product.product,StoreProductDto,0,45,0,0,0,8,0,13,0,13
spring-boot-first-project,org.example.dto.employee,EmployeeUpdateRequestDto,39,87,0,0,1,14,1,25,1,25
spring-boot-first-project,org.example.dto.employee,EmployeeContactDto,0,31,0,0,0,6,0,9,0,9
spring-boot-first-project,org.example.dto.employee.registration.annotation.date,CustomDateDeserializer,0,19,0,0,0,4,0,2,0,2
spring-boot-first-project,org.example.dto.employee.registration.annotation.date,MinYearValidator,0,27,0,4,0,7,0,5,0,3
spring-boot-first-project,org.example,Application,5,3,0,0,2,1,1,1,1,1
spring-boot-first-project,org.example.dto.employee.registration,EmployeeRegistrationRequestDto,45,101,0,0,1,16,1,29,1,29
spring-boot-first-project,org.example.dto.employee.registration,EmployeeResponseDto,0,87,0,0,0,14,0,25,0,25
spring-boot-first-project,org.example.mapper.product,ProductMapperImpl,24,27,3,1,8,8,3,2,1,2
spring-boot-first-project,org.example.mapper.product,ProductRowMapper,0,29,0,0,0,7,0,2,0,2
spring-boot-first-project,org.example.repository.product,ProductRepository,125,612,18,32,24,120,18,22,2,13
spring-boot-first-project,org.example.mapper.store_product,StoreProductRowMapper,0,39,0,0,0,9,0,2,0,2
spring-boot-first-project,org.example.mapper.store_product,StoreProductMapperImpl,32,35,3,1,10,10,3,2,1,2
spring-boot-first-project,org.example.mapper.store_product,BatchRowMapper,0,40,0,0,0,9,0,2,0,2
spring-boot-first-project,org.example.mapper.employee,EmployeeRowMapper,0,94,0,2,0,23,0,3,0,2
spring-boot-first-project,org.example.mapper.employee,EmployeeMapperImpl,4,123,2,2,2,32,2,3,0,3
spring-boot-first-project,org.example.mapper.employee,RoleRowMapper,0,21,0,2,0,6,0,3,0,2
spring-boot-first-project,org.example.mapper.employee,EmployeeMapper,0,30,2,6,0,8,2,4,0,2
spring-boot-first-project,org.example.security,JwtUtil,4,81,1,1,2,23,1,7,0,7
spring-boot-first-project,org.example.security,JwtAuthenticationFilter,0,76,2,8,0,18,2,6,0,3
spring-boot-first-project,org.example.security,AuthenticationService,0,74,0,2,0,15,0,4,0,3
spring-boot-first-project,org.example.security,CustomUserDetailsService,0,21,0,0,0,3,0,3,0,3
spring-boot-first-project,org.example.dto.employee.registration.annotation.role,ValidRoleValidator,3,17,1,3,2,5,1,3,0,2
spring-boot-first-project,org.example.dto.employee.login,RefreshTokenRequestDto,0,10,0,0,0,3,0,3,0,3
spring-boot-first-project,org.example.dto.employee.login,EmployeeLoginResponseDto,0,9,0,0,0,1,0,1,0,1
spring-boot-first-project,org.example.dto.employee.login,EmployeeLoginRequestDto,0,17,0,0,0,4,0,5,0,5
spring-boot-first-project,org.example.controller.store_product,StoreProductController,6,236,6,26,1,46,6,23,0,13
spring-boot-first-project,org.example.service.report,PdfReportGeneratorServiceImpl,5,215,1,7,1,60,1,8,0,5
spring-boot-first-project,org.example.dto.page,PageResponseDto,23,52,0,0,2,8,6,7,6,7
spring-boot-first-project,org.example.model.store_product,Batch,0,45,0,0,0,8,0,13,0,13
spring-boot-first-project,org.example.model.store_product,StoreProduct,7,49,0,0,0,9,2,13,2,13
spring-boot-first-project,org.example.model.product,Product,0,31,0,0,0,6,0,9,0,9
spring-boot-first-project,org.example.controller.product,ProductController,0,130,1,7,0,23,1,11,0,8
spring-boot-first-project,org.example.controller.employee,EmployeeController,6,124,3,1,1,21,2,11,0,11
spring-boot-first-project,org.example.controller.employee,AuthenticationController,0,24,0,0,0,4,0,4,0,4
